<?xml version="1.0" encoding="UTF-8"?>
<!-- Generated by org.testng.reporters.JUnitXMLReporter -->
<testsuite ignored="0" hostname="LIN-5CG0113H3C" failures="0" tests="2" name="Default test" time="17.794" errors="0" timestamp="2025-06-09T17:07:46 IST">
  <testcase classname="testCases.TC002_ValidateFuntionalityofCommercialPage" name="verifyCommertialPage" time="4.279"/>
  <testcase classname="testCases.TC002_ValidateFuntionalityofCommercialPage" name="verifyTenantPortal" time="2.82"/>
</testsuite> <!-- Default test -->
