<?xml version="1.0" encoding="UTF-8"?>
<!-- Generated by org.testng.reporters.JUnitXMLReporter -->
<testsuite ignored="0" hostname="LIN-5CG0113H3C" failures="0" tests="4" name="Test" time="35.974" errors="0" timestamp="2025-06-09T17:10:37 IST">
  <testcase classname="testCases.TC001_SignInUser" name="signIn" time="6.613"/>
  <testcase classname="testCases.TC001_SignInUser" name="validateLoginPage" time="0.035"/>
  <testcase classname="testCases.TC002_ValidateFuntionalityofCommercialPage" name="verifyCommertialPage" time="4.645"/>
  <testcase classname="testCases.TC002_ValidateFuntionalityofCommercialPage" name="verifyTenantPortal" time="2.926"/>
</testsuite> <!-- Test -->
