<?xml version="1.0" encoding="UTF-8"?>
<testng-results ignored="0" total="4" passed="4" failed="0" skipped="0">
  <reporter-output>
  </reporter-output>
  <suite started-at="2025-06-09T17:10:01 IST" name="Suite" finished-at="2025-06-09T17:10:37 IST" duration-ms="35974">
    <groups>
    </groups>
    <test started-at="2025-06-09T17:10:01 IST" name="Test" finished-at="2025-06-09T17:10:37 IST" duration-ms="35974">
      <class name="testCases.TC001_SignInUser">
        <test-method is-config="true" signature="setUp()[pri:0, instance:testCases.TC001_SignInUser@45752059]" started-at="2025-06-09T17:10:01 IST" name="setUp" finished-at="2025-06-09T17:10:11 IST" duration-ms="10399" status="PASS">
          <reporter-output>
          </reporter-output>
        </test-method> <!-- setUp -->
        <test-method signature="signIn()[pri:0, instance:testCases.TC001_SignInUser@45752059]" started-at="2025-06-09T17:10:11 IST" name="signIn" finished-at="2025-06-09T17:10:18 IST" duration-ms="6613" status="PASS">
          <reporter-output>
          </reporter-output>
        </test-method> <!-- signIn -->
        <test-method signature="validateLoginPage()[pri:0, instance:testCases.TC001_SignInUser@45752059]" started-at="2025-06-09T17:10:18 IST" name="validateLoginPage" finished-at="2025-06-09T17:10:18 IST" duration-ms="35" status="PASS">
          <reporter-output>
          </reporter-output>
        </test-method> <!-- validateLoginPage -->
        <test-method is-config="true" signature="tearDown()[pri:0, instance:testCases.TC001_SignInUser@45752059]" started-at="2025-06-09T17:10:18 IST" name="tearDown" finished-at="2025-06-09T17:10:18 IST" duration-ms="338" status="PASS">
          <reporter-output>
          </reporter-output>
        </test-method> <!-- tearDown -->
      </class> <!-- testCases.TC001_SignInUser -->
      <class name="testCases.TC002_ValidateFuntionalityofCommercialPage">
        <test-method is-config="true" signature="setUp()[pri:0, instance:testCases.TC002_ValidateFuntionalityofCommercialPage@34e9fd99]" started-at="2025-06-09T17:10:18 IST" name="setUp" finished-at="2025-06-09T17:10:29 IST" duration-ms="10559" status="PASS">
          <reporter-output>
          </reporter-output>
        </test-method> <!-- setUp -->
        <test-method signature="verifyCommertialPage()[pri:0, instance:testCases.TC002_ValidateFuntionalityofCommercialPage@34e9fd99]" started-at="2025-06-09T17:10:29 IST" name="verifyCommertialPage" finished-at="2025-06-09T17:10:33 IST" duration-ms="4645" status="PASS">
          <reporter-output>
          </reporter-output>
        </test-method> <!-- verifyCommertialPage -->
        <test-method signature="verifyTenantPortal()[pri:0, instance:testCases.TC002_ValidateFuntionalityofCommercialPage@34e9fd99]" started-at="2025-06-09T17:10:33 IST" name="verifyTenantPortal" finished-at="2025-06-09T17:10:36 IST" duration-ms="2926" status="PASS">
          <reporter-output>
          </reporter-output>
        </test-method> <!-- verifyTenantPortal -->
        <test-method is-config="true" signature="tearDown()[pri:0, instance:testCases.TC002_ValidateFuntionalityofCommercialPage@34e9fd99]" started-at="2025-06-09T17:10:36 IST" name="tearDown" finished-at="2025-06-09T17:10:37 IST" duration-ms="405" status="PASS">
          <reporter-output>
          </reporter-output>
        </test-method> <!-- tearDown -->
      </class> <!-- testCases.TC002_ValidateFuntionalityofCommercialPage -->
    </test> <!-- Test -->
  </suite> <!-- Suite -->
</testng-results>
